info: Server started at http://localhost:8001/api/v1/ {"timestamp":"2022-06-26T17:04:12.411Z"}
info: Connected to the database. {"timestamp":"2022-06-26T17:04:12.616Z"}
error: 
    status - 500 
    message - ReferenceError: bcrypt is not defined
    at _callee$ (C:\Users\Sumeet\FundooNotes\FundooNotes\src\services\/user.service.js:44:24)
    at tryCatch (C:\Users\Sumeet\FundooNotes\FundooNotes\node_modules\@babel\runtime\helpers\regeneratorRuntime.js:86:17)
    at Generator._invoke (C:\Users\Sumeet\FundooNotes\FundooNotes\node_modules\@babel\runtime\helpers\regeneratorRuntime.js:66:24)
    at Generator.next (C:\Users\Sumeet\FundooNotes\FundooNotes\node_modules\@babel\runtime\helpers\regeneratorRuntime.js:117:21)
    at asyncGeneratorStep (C:\Users\Sumeet\FundooNotes\FundooNotes\node_modules\@babel\runtime\helpers\asyncToGenerator.js:3:24)
    at _next (C:\Users\Sumeet\FundooNotes\FundooNotes\node_modules\@babel\runtime\helpers\asyncToGenerator.js:25:9)
    at C:\Users\Sumeet\FundooNotes\FundooNotes\node_modules\@babel\runtime\helpers\asyncToGenerator.js:32:7
    at new Promise (<anonymous>)
    at Object.<anonymous> (C:\Users\Sumeet\FundooNotes\FundooNotes\node_modules\@babel\runtime\helpers\asyncToGenerator.js:21:12)
    at Object.newUser (C:\Users\Sumeet\FundooNotes\FundooNotes\src\services\/user.service.js:44:21)
    at _callee$ (C:\Users\Sumeet\FundooNotes\FundooNotes\src\controllers\/user.controller.js:104:36)
    at tryCatch (C:\Users\Sumeet\FundooNotes\FundooNotes\node_modules\@babel\runtime\helpers\regeneratorRuntime.js:86:17)
    at Generator._invoke (C:\Users\Sumeet\FundooNotes\FundooNotes\node_modules\@babel\runtime\helpers\regeneratorRuntime.js:66:24)
    at Generator.next (C:\Users\Sumeet\FundooNotes\FundooNotes\node_modules\@babel\runtime\helpers\regeneratorRuntime.js:117:21)
    at asyncGeneratorStep (C:\Users\Sumeet\FundooNotes\FundooNotes\node_modules\@babel\runtime\helpers\asyncToGenerator.js:3:24)
    at _next (C:\Users\Sumeet\FundooNotes\FundooNotes\node_modules\@babel\runtime\helpers\asyncToGenerator.js:25:9) 
    url - /api/v1/users/newuser 
    method - POST 
    IP - ::1
   {"timestamp":"2022-06-26T17:12:05.226Z"}
info: Server started at http://localhost:8001/api/v1/ {"timestamp":"2022-06-26T17:13:25.742Z"}
info: Connected to the database. {"timestamp":"2022-06-26T17:13:26.104Z"}
info: Server started at http://localhost:8001/api/v1/ {"timestamp":"2022-06-26T17:15:04.199Z"}
info: Connected to the database. {"timestamp":"2022-06-26T17:15:04.358Z"}
